2019-12-06 12:49:52 : Before
2019-12-06 12:51:47 : Before
2019-12-06 12:51:47 : Array
2019-12-06 12:51:47 : FAIL
2019-12-06 12:51:56 : Before
2019-12-06 12:51:56 : Array
2019-12-06 12:51:56 : FAIL
2019-12-06 12:51:57 : Before
2019-12-06 12:51:57 : Array
2019-12-06 12:51:57 : FAIL
2019-12-06 14:17:43 : Before
2019-12-06 14:17:43 : Array
2019-12-06 14:17:43 : FAIL
2019-12-06 14:17:43 : anzelikaepifanova82@gmail.comBefore
2019-12-06 14:17:43 : Array
2019-12-06 14:17:43 : anzelikaepifanova82@gmail.comFAIL
2019-12-06 14:17:43 : Before
2019-12-06 14:17:43 : Array
2019-12-06 14:17:43 : FAIL
2019-12-06 14:53:21 : Before
2019-12-06 14:53:21 : Array
2019-12-06 14:53:21 : FAIL
2019-12-06 14:53:22 : loggen@hotmail.comBefore
2019-12-06 14:53:22 : Array
2019-12-06 14:53:22 : loggen@hotmail.comFAIL
2019-12-06 16:02:37 : Before
2019-12-06 16:02:37 : Array
2019-12-06 16:02:37 : FAIL
2019-12-06 16:02:47 : fvbgfhhd@gmail.comBefore
2019-12-06 16:02:47 : Array
2019-12-06 16:02:47 : fvbgfhhd@gmail.comFAIL
2019-12-06 16:36:29 : Before
2019-12-06 16:36:29 : Array
2019-12-06 16:36:29 : FAIL
2019-12-06 16:57:26 : Before
2019-12-06 16:57:26 : Array
2019-12-06 16:57:26 : FAIL
2019-12-06 16:57:27 : esprit89@aol.comBefore
2019-12-06 16:57:27 : Array
2019-12-06 16:57:27 : esprit89@aol.comFAIL
2019-12-06 19:06:07 : Before
2019-12-06 19:06:07 : Array
2019-12-06 19:06:07 : FAIL
2019-12-06 19:06:16 : Before
2019-12-06 19:06:16 : Array
2019-12-06 19:06:16 : FAIL
2019-12-06 19:12:36 : fjavi.gonzalez@gmail.comBefore
2019-12-06 19:12:36 : Array
2019-12-06 19:12:36 : fjavi.gonzalez@gmail.comFAIL
2019-12-06 19:12:47 : fjavi.gonzalez@gmail.comBefore
2019-12-06 19:12:47 : Array
2019-12-06 19:12:47 : fjavi.gonzalez@gmail.comFAIL
2019-12-06 19:18:30 : fjavi.gonzalez@gmail.comBefore
2019-12-06 19:20:04 : fjavi.gonzalez@gmail.comBefore
2019-12-06 19:20:04 : 1
2019-12-06 19:20:04 : fjavi.gonzalez@gmail.comFAIL
2019-12-06 19:21:28 : fjavi.gonzalez@gmail.comBefore
2019-12-06 19:21:28 : fjavi.gonzalez@gmail.comFAIL
2019-12-06 19:22:03 : fjavi.gonzalez@gmail.comBefore
2019-12-06 19:22:03 : fjavi.gonzalez@gmail.comFAIL
2019-12-06 19:24:32 : fjavi.gonzalez@gmail.comBefore
2019-12-06 19:24:32 : fjavi.gonzalez@gmail.comFAIL
2019-12-06 19:26:26 : fjavi.gonzalez@gmail.comBefore
2019-12-06 19:26:26 : fjavi.gonzalez@gmail.comFAIL
2019-12-06 19:26:45 : Before
2019-12-06 19:26:45 : FAIL
2019-12-06 19:26:56 : fjavi.gonzalez@gmail.comBefore
2019-12-06 19:26:56 : fjavi.gonzalez@gmail.comSUCCESS
2019-12-06 19:28:35 : fjavi.gonzalez@gmail.comBefore
2019-12-06 19:28:35 : fjavi.gonzalez@gmail.comFAIL
2019-12-06 20:06:47 : Before
2019-12-06 20:06:47 : FAIL
2019-12-06 20:06:47 : neineiyehyeh@aol.comBefore
2019-12-06 20:06:47 : neineiyehyeh@aol.comFAIL
2019-12-06 20:15:31 : Before
2019-12-06 20:15:31 : FAIL
2019-12-06 20:15:32 : lishuil@interact.net.cnBefore
2019-12-06 20:15:32 : lishuil@interact.net.cnFAIL
2019-12-06 20:43:14 : Before
2019-12-06 20:43:14 : FAIL
2019-12-06 20:43:15 : twostroke1269@yahoo.comBefore
2019-12-06 20:43:15 : twostroke1269@yahoo.comFAIL
2019-12-06 20:50:54 : Before
2019-12-06 20:50:54 : FAIL
2019-12-06 20:50:54 : guew@course-fitness.comBefore
2019-12-06 20:50:54 : guew@course-fitness.comFAIL
2019-12-06 21:36:50 : Before
2019-12-06 21:36:50 : FAIL
2019-12-06 21:36:51 : james_stretch@msn.comBefore
2019-12-06 21:36:51 : james_stretch@msn.comFAIL
2019-12-06 21:37:36 : Before
2019-12-06 21:37:36 : FAIL
2019-12-06 23:18:43 : Before
2019-12-06 23:18:43 : FAIL
2019-12-06 23:18:44 : nataliewynne@hotmail.comBefore
2019-12-06 23:18:44 : nataliewynne@hotmail.comFAIL
2019-12-07 00:13:33 : Before
2019-12-07 00:13:33 : FAIL
2019-12-07 00:13:34 : js60@hiraku33.yourfun.xyzBefore
2019-12-07 00:13:34 : js60@hiraku33.yourfun.xyzFAIL
2019-12-07 00:22:09 : Before
2019-12-07 00:22:09 : FAIL
2019-12-07 00:22:10 : bighitter247@yahoo.comBefore
2019-12-07 00:22:10 : bighitter247@yahoo.comFAIL
2019-12-07 01:04:46 : Before
2019-12-07 01:04:46 : FAIL
2019-12-07 01:04:46 : cartpc@gmail.comBefore
2019-12-07 01:04:46 : cartpc@gmail.comFAIL
2019-12-07 03:49:26 : Before
2019-12-07 03:49:26 : FAIL
2019-12-07 04:09:31 : Before
2019-12-07 04:09:31 : FAIL
2019-12-07 04:09:32 : arty77007@yahoo.comBefore
2019-12-07 04:09:32 : arty77007@yahoo.comFAIL
2019-12-07 04:12:32 : Before
2019-12-07 04:12:32 : FAIL
2019-12-07 04:33:25 : Before
2019-12-07 04:33:25 : FAIL
2019-12-07 04:33:25 : ursif@yahoo.deBefore
2019-12-07 04:33:25 : ursif@yahoo.deFAIL
2019-12-07 06:59:58 : Before
2019-12-07 06:59:58 : FAIL
2019-12-07 06:59:58 : fwd.11407091035Tti@anzeigenschleuder.comBefore
2019-12-07 06:59:58 : fwd.11407091035Tti@anzeigenschleuder.comFAIL
2019-12-07 07:01:16 : Before
2019-12-07 07:01:16 : FAIL
2019-12-07 07:01:16 : r.mishra27@gmail.comBefore
2019-12-07 07:01:16 : r.mishra27@gmail.comFAIL
2019-12-07 07:03:36 : Before
2019-12-07 07:03:36 : FAIL
2019-12-07 07:03:36 : pfimsnijders@planet.nlBefore
2019-12-07 07:03:36 : pfimsnijders@planet.nlFAIL
2019-12-07 08:41:06 : Before
2019-12-07 08:41:06 : FAIL
2019-12-07 08:41:06 : Harrisshackleton@yahoo.co.ukBefore
2019-12-07 08:41:06 : Harrisshackleton@yahoo.co.ukFAIL
2019-12-07 09:26:15 : fjavi.gonzalez@gmail.comBefore
2019-12-07 09:26:15 : fjavi.gonzalez@gmail.comFAIL
2019-12-07 09:27:01 : Before
2019-12-07 09:27:01 : FAIL
2019-12-07 09:27:10 : Before
2019-12-07 09:27:10 : FAIL
2019-12-07 09:27:20 : fjavi.gonzalez@gmail.comBefore
2019-12-07 09:27:20 : fjavi.gonzalez@gmail.comFAIL
2019-12-07 09:27:37 : fjavi.gonzalez@gmail.comBefore
2019-12-07 09:27:37 : fjavi.gonzalez@gmail.comSUCCESS
2019-12-07 09:36:13 : fjavi.gonzalez@gmail.comBefore
2019-12-07 09:36:13 : fjavi.gonzalez@gmail.comFAIL
2019-12-07 09:40:17 : Before
2019-12-07 09:40:17 : FAIL
2019-12-07 09:40:17 : Before
2019-12-07 09:40:17 : FAIL
2019-12-07 09:40:57 : fjavi.gonzalez@gmail.comBefore
2019-12-07 09:40:57 : fjavi.gonzalez@gmail.comSUCCESS
2019-12-07 09:41:22 : Before
2019-12-07 09:41:22 : FAIL
2019-12-07 09:41:41 : fjavi.gonzalez@gmail.comBefore
2019-12-07 09:41:41 : fjavi.gonzalez@gmail.comFAIL
2019-12-07 10:07:35 : BeforeFORM
2019-12-07 10:07:35 : FAIL
2019-12-07 10:08:41 : fjavi.gonzalez@gmail.comBeforeFORM
2019-12-07 10:08:41 : fjavi.gonzalez@gmail.comSUCCESS
2019-12-07 10:23:33 : BeforeFORM
2019-12-07 10:23:33 : FAIL
2019-12-07 10:23:33 : roxanne.witt61@goade.dynainbox.comBeforeFORM
2019-12-07 10:23:33 : roxanne.witt61@goade.dynainbox.comFAIL
2019-12-07 10:23:34 : BeforeFORM
2019-12-07 10:23:34 : FAIL
2019-12-07 10:23:35 : fwd.1266749402Qwdg@anzeigenschleuder.comBeforeFORM
2019-12-07 10:23:35 : fwd.1266749402Qwdg@anzeigenschleuder.comFAIL
2019-12-07 10:34:07 : BeforeFORM
2019-12-07 10:34:07 : FAIL
2019-12-07 13:12:03 : BeforeFORM
2019-12-07 13:12:03 : FAIL
2019-12-07 13:12:03 : phonogen@web.deBeforeFORM
2019-12-07 13:12:03 : phonogen@web.deFAIL
2019-12-07 13:23:06 : BeforeFORM
2019-12-07 13:23:06 : FAIL
2019-12-07 13:35:13 : BeforeFORM
2019-12-07 13:35:13 : FAIL
2019-12-07 15:19:19 : BeforeFORM
2019-12-07 15:19:19 : FAIL
2019-12-07 15:19:19 : diossydyext@gmail.comBeforeFORM
2019-12-07 15:19:19 : diossydyext@gmail.comFAIL
2019-12-07 15:19:24 : BeforeFORM
2019-12-07 15:19:24 : FAIL
2019-12-07 15:19:24 : huubio@gmail.comBeforeFORM
2019-12-07 15:19:24 : huubio@gmail.comFAIL
2019-12-07 17:50:19 : BeforeFORM
2019-12-07 17:50:19 : FAIL
2019-12-07 17:50:19 : patrikmjnray@ymail.comBeforeFORM
2019-12-07 17:50:19 : patrikmjnray@ymail.comFAIL
2019-12-07 18:13:49 : BeforeFORM
2019-12-07 18:13:49 : FAIL
2019-12-07 19:31:12 : BeforeFORM
2019-12-07 19:31:12 : FAIL
2019-12-07 19:31:12 : claymation39@yahoo.comBeforeFORM
2019-12-07 19:31:12 : claymation39@yahoo.comFAIL
2019-12-07 20:22:59 : BeforeFORM
2019-12-07 20:22:59 : FAIL
2019-12-07 20:22:59 : batqasim@yahoo.comBeforeFORM
2019-12-07 20:22:59 : batqasim@yahoo.comFAIL
2019-12-07 20:28:27 : BeforeFORM
2019-12-07 20:28:27 : FAIL
2019-12-07 20:28:27 : agustineca@hotmail.comBeforeFORM
2019-12-07 20:28:27 : agustineca@hotmail.comFAIL
2019-12-07 20:55:55 : BeforeFORM
2019-12-07 20:55:55 : FAIL
2019-12-07 23:52:58 : BeforeFORM
2019-12-07 23:52:58 : FAIL
2019-12-07 23:52:59 : mestrada@telemundo46.comBeforeFORM
2019-12-07 23:52:59 : mestrada@telemundo46.comFAIL
2019-12-07 23:53:01 : BeforeFORM
2019-12-07 23:53:01 : FAIL
2019-12-07 23:53:02 : cjenkins_1990@hotmail.comBeforeFORM
2019-12-07 23:53:02 : cjenkins_1990@hotmail.comFAIL
2019-12-08 01:16:24 : BeforeFORM
2019-12-08 01:16:24 : FAIL
2019-12-08 01:16:25 : andrewmloken@gmail.comBeforeFORM
2019-12-08 01:16:25 : andrewmloken@gmail.comFAIL
2019-12-08 01:36:42 : BeforeFORM
2019-12-08 01:36:42 : FAIL
2019-12-08 03:12:41 : BeforeFORM
2019-12-08 03:12:41 : FAIL
2019-12-08 03:44:39 : BeforeFORM
2019-12-08 03:44:39 : FAIL
2019-12-08 04:37:59 : BeforeFORM
2019-12-08 04:37:59 : FAIL
2019-12-08 04:37:59 : Gav_Wright83@icloud.comBeforeFORM
2019-12-08 04:37:59 : Gav_Wright83@icloud.comFAIL
2019-12-08 05:56:46 : BeforeFORM
2019-12-08 05:56:46 : FAIL
2019-12-08 05:56:47 : BeforeFORM
2019-12-08 05:56:47 : FAIL
2019-12-08 05:56:47 : pepo0@op.plBeforeFORM
2019-12-08 05:56:47 : pepo0@op.plFAIL
2019-12-08 05:56:47 : Daniel.Tait@lawley.wa.edu.auBeforeFORM
2019-12-08 05:56:47 : Daniel.Tait@lawley.wa.edu.auFAIL
2019-12-08 06:18:36 : BeforeFORM
2019-12-08 06:18:36 : FAIL
2019-12-08 06:18:36 : ltad97@outlook.comBeforeFORM
2019-12-08 06:18:36 : ltad97@outlook.comFAIL
2019-12-08 07:53:56 : BeforeFORM
2019-12-08 07:53:56 : FAIL
2019-12-08 07:53:56 : tonydunlock@gmail.comBeforeFORM
2019-12-08 07:53:56 : tonydunlock@gmail.comFAIL
2019-12-08 08:23:44 : BeforeFORM
2019-12-08 08:23:44 : FAIL
2019-12-08 08:23:44 : bluestar619@msn.comBeforeFORM
2019-12-08 08:23:44 : bluestar619@msn.comFAIL
2019-12-08 09:11:56 : BeforeFORM
2019-12-08 09:11:56 : FAIL
2019-12-08 09:11:56 : inbox266@glmux.comBeforeFORM
2019-12-08 09:11:56 : inbox266@glmux.comFAIL
2019-12-08 09:33:11 : BeforeFORM
2019-12-08 09:33:11 : FAIL
2019-12-08 09:33:12 : milesqstolzea@gmail.netBeforeFORM
2019-12-08 09:33:12 : milesqstolzea@gmail.netFAIL
2019-12-08 10:02:19 : BeforeFORM
2019-12-08 10:02:19 : FAIL
2019-12-08 10:02:37 : frvbgtcv@gmail.comBeforeFORM
2019-12-08 10:02:37 : frvbgtcv@gmail.comFAIL
2019-12-08 11:20:28 : BeforeFORM
2019-12-08 11:20:28 : FAIL
2019-12-08 11:20:29 : zi5e3@course-fitness.comBeforeFORM
2019-12-08 11:20:29 : zi5e3@course-fitness.comFAIL
2019-12-08 11:51:39 : BeforeFORM
2019-12-08 11:51:39 : FAIL
2019-12-08 11:51:39 : dfarris@cascade.K12.or.USBeforeFORM
2019-12-08 11:51:39 : dfarris@cascade.K12.or.USFAIL
2019-12-08 19:27:37 : BeforeFORM
2019-12-08 19:27:37 : FAIL
2019-12-08 19:27:38 : myessayfile@mail.ruBeforeFORM
2019-12-08 19:27:38 : myessayfile@mail.ruFAIL
2019-12-09 00:07:56 : BeforeFORM
2019-12-09 00:07:56 : FAIL
2019-12-09 01:54:02 : BeforeFORM
2019-12-09 01:54:02 : FAIL
2019-12-09 01:54:05 : fevgen708@gmail.comBeforeFORM
2019-12-09 01:54:05 : fevgen708@gmail.comFAIL
2019-12-09 09:54:56 : BeforeFORM
2019-12-09 09:54:56 : FAIL
2019-12-09 09:55:03 : cad.eaun.o.e.li.dea.l@gmail.comBeforeFORM
2019-12-09 09:55:03 : cad.eaun.o.e.li.dea.l@gmail.comFAIL
2019-12-09 17:50:08 : BeforeFORM
2019-12-09 17:50:08 : FAIL
2019-12-09 17:50:09 : ilenesm7@yoshito62.yourfun.xyzBeforeFORM
2019-12-09 17:50:09 : ilenesm7@yoshito62.yourfun.xyzFAIL
2019-12-09 18:34:09 : BeforeFORM
2019-12-09 18:34:09 : FAIL
2019-12-09 18:34:10 : akravchenko1234@gmail.comBeforeFORM
2019-12-09 18:34:10 : akravchenko1234@gmail.comFAIL
2019-12-09 20:24:48 : BeforeFORM
2019-12-09 20:24:48 : FAIL
2019-12-09 20:26:09 : BeforeFORM
2019-12-09 20:26:09 : FAIL
2019-12-10 06:04:38 : BeforeFORM
2019-12-10 06:04:38 : FAIL
2019-12-10 06:38:03 : BeforeFORM
2019-12-10 06:38:03 : FAIL
2019-12-10 06:49:57 : BeforeFORM
2019-12-10 06:49:57 : FAIL
2019-12-10 07:43:58 : BeforeFORM
2019-12-10 07:43:58 : FAIL
2019-12-10 07:43:58 : zinaznoeva@ya.ruBeforeFORM
2019-12-10 07:43:58 : zinaznoeva@ya.ruFAIL
2019-12-10 11:44:32 : BeforeFORM
2019-12-10 11:44:32 : FAIL
2019-12-10 11:44:34 : d5z2@course-fitness.comBeforeFORM
2019-12-10 11:44:34 : d5z2@course-fitness.comFAIL
2019-12-10 12:28:29 : BeforeFORM
2019-12-10 12:28:29 : FAIL
2019-12-10 12:28:31 : giveawaylimited@mails.wfBeforeFORM
2019-12-10 12:28:31 : giveawaylimited@mails.wfFAIL
2019-12-10 12:28:31 : BeforeFORM
2019-12-10 12:28:31 : FAIL
2019-12-10 12:28:32 : BeforeFORM
2019-12-10 12:28:32 : FAIL
2019-12-10 13:25:12 : BeforeFORM
2019-12-10 13:25:12 : FAIL
2019-12-10 13:25:12 : vipmio@mail.ruBeforeFORM
2019-12-10 13:25:12 : vipmio@mail.ruFAIL
2019-12-10 14:24:51 : BeforeFORM
2019-12-10 14:24:51 : FAIL
2019-12-10 15:11:36 : BeforeFORM
2019-12-10 15:11:36 : FAIL
2019-12-10 15:11:49 : BeforeFORM
2019-12-10 15:11:49 : FAIL
2019-12-10 18:55:10 : BeforeFORM
2019-12-10 18:55:10 : FAIL
2019-12-10 18:55:11 : angelicatf11@takumi65.investmentweb.xyzBeforeFORM
2019-12-10 18:55:11 : angelicatf11@takumi65.investmentweb.xyzFAIL
2019-12-10 18:57:28 : BeforeFORM
2019-12-10 18:57:28 : FAIL
2019-12-10 18:57:29 : vidinfo10000@gmail.comBeforeFORM
2019-12-10 18:57:29 : vidinfo10000@gmail.comFAIL
2019-12-10 18:57:29 : BeforeFORM
2019-12-10 18:57:29 : FAIL
2019-12-10 20:09:21 : BeforeFORM
2019-12-10 20:09:21 : FAIL
2019-12-10 20:09:21 : nastasumki@gmail.comBeforeFORM
2019-12-10 20:09:21 : nastasumki@gmail.comFAIL
2019-12-10 20:09:21 : BeforeFORM
2019-12-10 20:09:21 : FAIL
2019-12-11 02:53:48 : BeforeFORM
2019-12-11 02:53:48 : FAIL
2019-12-11 04:14:14 : BeforeFORM
2019-12-11 04:14:14 : FAIL
2019-12-11 12:21:25 : BeforeFORM
2019-12-11 12:21:25 : FAIL
2019-12-11 15:46:29 : BeforeFORM
2019-12-11 15:46:29 : FAIL
2019-12-11 15:46:30 : davesr60@satoshi73.investmentweb.xyzBeforeFORM
2019-12-11 15:46:30 : davesr60@satoshi73.investmentweb.xyzFAIL
2019-12-11 15:50:31 : BeforeFORM
2019-12-11 15:50:31 : FAIL
2019-12-11 15:50:31 : rgr.g.rree@gmail.comBeforeFORM
2019-12-11 15:50:31 : rgr.g.rree@gmail.comFAIL
2019-12-11 16:00:55 : BeforeFORM
2019-12-11 16:00:55 : FAIL
2019-12-11 16:00:56 : zuxefxnn@spacecas.ruBeforeFORM
2019-12-11 16:00:56 : zuxefxnn@spacecas.ruFAIL
2019-12-11 16:00:56 : BeforeFORM
2019-12-11 16:00:56 : FAIL
2019-12-11 17:16:46 : BeforeFORM
2019-12-11 17:16:46 : FAIL
2019-12-11 21:19:57 : BeforeFORM
2019-12-11 21:19:57 : FAIL
2019-12-11 21:19:58 : zi5e3@course-fitness.comBeforeFORM
2019-12-11 21:19:58 : zi5e3@course-fitness.comFAIL
2019-12-11 21:26:31 : BeforeFORM
2019-12-11 21:26:31 : FAIL
2019-12-11 21:26:32 : yaldahosseini200811@gmail.comBeforeFORM
2019-12-11 21:26:32 : yaldahosseini200811@gmail.comFAIL
2019-12-12 04:35:20 : BeforeFORM
2019-12-12 04:35:20 : FAIL
2019-12-12 04:35:21 : noreply@small-business-loans-24-7.comBeforeFORM
2019-12-12 04:35:21 : noreply@small-business-loans-24-7.comFAIL
2019-12-12 19:01:39 : BeforeFORM
2019-12-12 19:01:39 : FAIL
2019-12-12 21:19:36 : BeforeFORM
2019-12-12 21:19:36 : FAIL
2019-12-12 21:19:37 : temptest92130364@gmail.comBeforeFORM
2019-12-12 21:19:37 : temptest92130364@gmail.comFAIL
2019-12-13 01:59:32 : BeforeFORM
2019-12-13 01:59:32 : FAIL
2019-12-13 01:59:32 : BeforeFORM
2019-12-13 01:59:32 : FAIL
2019-12-13 03:57:30 : BeforeFORM
2019-12-13 03:57:30 : FAIL
2019-12-13 03:58:18 : pharm6d@gmail.comBeforeFORM
2019-12-13 03:58:18 : pharm6d@gmail.comFAIL
2019-12-13 05:17:23 : BeforeFORM
2019-12-13 05:17:23 : FAIL
2019-12-13 05:17:23 : frodbot@yandex.ruBeforeFORM
2019-12-13 05:17:23 : frodbot@yandex.ruFAIL
2019-12-13 06:28:17 : BeforeFORM
2019-12-13 06:28:17 : FAIL
2019-12-13 06:28:18 : gervin560@mail.ruBeforeFORM
2019-12-13 06:28:18 : gervin560@mail.ruFAIL
2019-12-13 06:51:32 : BeforeFORM
2019-12-13 06:51:32 : FAIL
2019-12-13 06:51:32 : kissa_missa@mail.ruBeforeFORM
2019-12-13 06:51:32 : kissa_missa@mail.ruFAIL
2019-12-13 06:55:45 : BeforeFORM
2019-12-13 06:55:45 : FAIL
2019-12-13 06:55:45 : samat.jakson@mail.ruBeforeFORM
2019-12-13 06:55:45 : samat.jakson@mail.ruFAIL
2019-12-13 08:47:20 : BeforeFORM
2019-12-13 08:47:20 : FAIL
2019-12-13 08:47:20 : ernat_29_98@mail.ruBeforeFORM
2019-12-13 08:47:20 : ernat_29_98@mail.ruFAIL
2019-12-13 10:03:12 : BeforeFORM
2019-12-13 10:03:12 : FAIL
2019-12-13 10:03:13 : dracon83@yandex.ruBeforeFORM
2019-12-13 10:03:13 : dracon83@yandex.ruFAIL
2019-12-13 10:09:52 : BeforeFORM
2019-12-13 10:09:52 : FAIL
2019-12-13 10:09:52 : overseer23@mail.ruBeforeFORM
2019-12-13 10:09:52 : overseer23@mail.ruFAIL
2019-12-13 10:27:29 : BeforeFORM
2019-12-13 10:27:29 : FAIL
2019-12-13 12:00:56 : BeforeFORM
2019-12-13 12:00:56 : FAIL
2019-12-13 14:17:01 : BeforeFORM
2019-12-13 14:17:01 : FAIL
2019-12-13 14:17:01 : 1231krot1231@mail.ruBeforeFORM
2019-12-13 14:17:01 : 1231krot1231@mail.ruFAIL
2019-12-13 14:36:23 : BeforeFORM
2019-12-13 14:36:23 : FAIL
2019-12-13 14:36:24 : boeva.violka12@mail.ruBeforeFORM
2019-12-13 14:36:24 : boeva.violka12@mail.ruFAIL
2019-12-13 15:32:55 : BeforeFORM
2019-12-13 15:32:55 : FAIL
2019-12-13 15:32:58 : wp18@kunio45.dev256.xyzBeforeFORM
2019-12-13 15:32:58 : wp18@kunio45.dev256.xyzFAIL
2019-12-13 15:37:48 : BeforeFORM
2019-12-13 15:37:48 : FAIL
2019-12-13 15:37:49 : niklaus6@mail.ruBeforeFORM
2019-12-13 15:37:49 : niklaus6@mail.ruFAIL
2019-12-13 17:45:08 : BeforeFORM
2019-12-13 17:45:08 : FAIL
2019-12-13 17:45:09 : ss1@isamu4210.kaede65.kiesag.xyzBeforeFORM
2019-12-13 17:45:09 : ss1@isamu4210.kaede65.kiesag.xyzFAIL
2019-12-13 19:00:03 : BeforeFORM
2019-12-13 19:00:03 : FAIL
2019-12-13 19:00:03 : Levon_Yaghmuryan_03@mail.ruBeforeFORM
2019-12-13 19:00:03 : Levon_Yaghmuryan_03@mail.ruFAIL
2019-12-13 19:31:02 : BeforeFORM
2019-12-13 19:31:02 : FAIL
2019-12-13 19:31:03 : navacardean@nik.ruBeforeFORM
2019-12-13 19:31:03 : navacardean@nik.ruFAIL
2019-12-13 19:39:39 : BeforeFORM
2019-12-13 19:39:39 : FAIL
2019-12-13 19:39:43 : lm3@isamu4210.kaede65.kiesag.xyzBeforeFORM
2019-12-13 19:39:43 : lm3@isamu4210.kaede65.kiesag.xyzFAIL
2019-12-13 20:42:42 : BeforeFORM
2019-12-13 20:42:42 : FAIL
2019-12-13 20:42:43 : tosha.kupayhorodsky@yandex.ruBeforeFORM
2019-12-13 20:42:43 : tosha.kupayhorodsky@yandex.ruFAIL
2019-12-13 21:28:10 : BeforeFORM
2019-12-13 21:28:10 : FAIL
2019-12-13 21:28:11 : misha_andreev2002@mail.ruBeforeFORM
2019-12-13 21:28:11 : misha_andreev2002@mail.ruFAIL
2019-12-13 21:40:09 : BeforeFORM
2019-12-13 21:40:09 : FAIL
2019-12-13 21:40:10 : adamafroditov@yandex.ruBeforeFORM
2019-12-13 21:40:10 : adamafroditov@yandex.ruFAIL
2019-12-13 21:40:10 : BeforeFORM
2019-12-13 21:40:10 : FAIL
2019-12-13 22:04:05 : BeforeFORM
2019-12-13 22:04:05 : FAIL
2019-12-13 22:04:06 : xc60@kunio45.dev256.xyzBeforeFORM
2019-12-13 22:04:06 : xc60@kunio45.dev256.xyzFAIL
2019-12-13 22:13:27 : BeforeFORM
2019-12-13 22:13:27 : FAIL
2019-12-13 22:13:27 : veremkok@mail.ruBeforeFORM
2019-12-13 22:13:27 : veremkok@mail.ruFAIL
2019-12-13 23:34:08 : BeforeFORM
2019-12-13 23:34:08 : FAIL
2019-12-13 23:34:10 : wq20@isamu4210.kaede65.kiesag.xyzBeforeFORM
2019-12-13 23:34:10 : wq20@isamu4210.kaede65.kiesag.xyzFAIL
2019-12-14 00:26:38 : BeforeFORM
2019-12-14 00:26:38 : FAIL
2019-12-14 00:26:39 : 54645675467@mail.ruBeforeFORM
2019-12-14 00:26:39 : 54645675467@mail.ruFAIL
2019-12-14 01:05:31 : BeforeFORM
2019-12-14 01:05:31 : FAIL
2019-12-14 01:05:31 : marinaorenka@yandex.ruBeforeFORM
2019-12-14 01:05:31 : marinaorenka@yandex.ruFAIL
2019-12-14 01:40:23 : BeforeFORM
2019-12-14 01:40:23 : FAIL
2019-12-14 01:40:35 : sf69@haruto6110.michio73.kiesag.xyzBeforeFORM
2019-12-14 01:40:35 : sf69@haruto6110.michio73.kiesag.xyzFAIL
2019-12-14 03:50:42 : BeforeFORM
2019-12-14 03:50:42 : FAIL
2019-12-14 03:50:43 : ww2@hiraku64.investmentweb.xyzBeforeFORM
2019-12-14 03:50:43 : ww2@hiraku64.investmentweb.xyzFAIL
2019-12-14 04:25:15 : BeforeFORM
2019-12-14 04:25:15 : FAIL
2019-12-14 04:25:16 : maya-13-13@mail.ruBeforeFORM
2019-12-14 04:25:16 : maya-13-13@mail.ruFAIL
2019-12-14 04:26:57 : BeforeFORM
2019-12-14 04:26:57 : FAIL
2019-12-14 04:26:57 : gaorgia-pololikashvili@mil.ruBeforeFORM
2019-12-14 04:26:57 : gaorgia-pololikashvili@mil.ruFAIL
2019-12-14 04:59:01 : BeforeFORM
2019-12-14 04:59:01 : FAIL
2019-12-14 04:59:01 : stanislavmoi1u2z@mail.ruBeforeFORM
2019-12-14 04:59:01 : stanislavmoi1u2z@mail.ruFAIL
2019-12-14 05:25:38 : BeforeFORM
2019-12-14 05:25:38 : FAIL
2019-12-14 05:25:40 : ze7@hiraku64.investmentweb.xyzBeforeFORM
2019-12-14 05:25:40 : ze7@hiraku64.investmentweb.xyzFAIL
2019-12-14 06:32:04 : BeforeFORM
2019-12-14 06:32:04 : FAIL
2019-12-14 06:32:04 : hasdas8d9ashdasdjh@mail.ruBeforeFORM
2019-12-14 06:32:04 : hasdas8d9ashdasdjh@mail.ruFAIL
2019-12-14 07:32:55 : BeforeFORM
2019-12-14 07:32:55 : FAIL
2019-12-14 07:32:56 : oj6@kunio45.dev256.xyzBeforeFORM
2019-12-14 07:32:56 : oj6@kunio45.dev256.xyzFAIL
2019-12-14 07:43:55 : BeforeFORM
2019-12-14 07:43:55 : FAIL
2019-12-14 07:43:56 : tatiana.shatl@gmail.ruBeforeFORM
2019-12-14 07:43:56 : tatiana.shatl@gmail.ruFAIL
2019-12-14 08:21:36 : BeforeFORM
2019-12-14 08:21:36 : FAIL
2019-12-14 08:21:36 : respectatii@moldtelecom.mdBeforeFORM
2019-12-14 08:21:36 : respectatii@moldtelecom.mdFAIL
2019-12-14 08:26:35 : BeforeFORM
2019-12-14 08:26:35 : FAIL
2019-12-14 08:27:56 : BeforeFORM
2019-12-14 08:27:56 : FAIL
2019-12-14 09:39:05 : BeforeFORM
2019-12-14 09:39:05 : FAIL
2019-12-14 09:41:58 : BeforeFORM
2019-12-14 09:41:58 : FAIL
2019-12-14 09:42:14 : BeforeFORM
2019-12-14 09:42:14 : FAIL
2019-12-14 09:42:15 : hinata.dark123@mail.ruBeforeFORM
2019-12-14 09:42:15 : hinata.dark123@mail.ruFAIL
2019-12-14 09:42:16 : fw16@kunio45.dev256.xyzBeforeFORM
2019-12-14 09:42:16 : fw16@kunio45.dev256.xyzFAIL
2019-12-14 10:20:52 : BeforeFORM
2019-12-14 10:20:52 : FAIL
2019-12-14 10:20:52 : kristina_novikova_01@mail.ruBeforeFORM
2019-12-14 10:20:52 : kristina_novikova_01@mail.ruFAIL
2019-12-14 11:01:37 : BeforeFORM
2019-12-14 11:01:37 : FAIL
2019-12-14 11:01:38 : natlev04@mail.ruBeforeFORM
2019-12-14 11:01:38 : natlev04@mail.ruFAIL
2019-12-14 11:25:36 : BeforeFORM
2019-12-14 11:25:36 : FAIL
2019-12-14 11:25:38 : qg1@hiraku64.investmentweb.xyzBeforeFORM
2019-12-14 11:25:38 : qg1@hiraku64.investmentweb.xyzFAIL
2019-12-14 12:16:14 : BeforeFORM
2019-12-14 12:16:14 : FAIL
2019-12-14 12:16:14 : iapirpvprivar@mail.ruBeforeFORM
2019-12-14 12:16:14 : iapirpvprivar@mail.ruFAIL
2019-12-14 13:35:31 : BeforeFORM
2019-12-14 13:35:31 : FAIL
2019-12-14 13:35:32 : mk1@hiraku64.investmentweb.xyzBeforeFORM
2019-12-14 13:35:32 : mk1@hiraku64.investmentweb.xyzFAIL
2019-12-14 14:17:22 : BeforeFORM
2019-12-14 14:17:22 : FAIL
2019-12-14 14:17:22 : dolzhenko.nikolaj@mail.ruBeforeFORM
2019-12-14 14:17:22 : dolzhenko.nikolaj@mail.ruFAIL
2019-12-14 14:18:25 : BeforeFORM
2019-12-14 14:18:25 : FAIL
2019-12-14 14:18:26 : vkoptyaev1181@bk.ruBeforeFORM
2019-12-14 14:18:26 : vkoptyaev1181@bk.ruFAIL
2019-12-14 14:51:37 : BeforeFORM
2019-12-14 14:51:37 : FAIL
2019-12-14 14:51:38 : kiska.pushistaya.95@mail.ruBeforeFORM
2019-12-14 14:51:38 : kiska.pushistaya.95@mail.ruFAIL
2019-12-14 15:43:31 : BeforeFORM
2019-12-14 15:43:31 : FAIL
2019-12-14 15:43:35 : wd7@kunio45.dev256.xyzBeforeFORM
2019-12-14 15:43:35 : wd7@kunio45.dev256.xyzFAIL
2019-12-14 15:55:37 : BeforeFORM
2019-12-14 15:55:37 : FAIL
2019-12-14 15:55:38 : frankiezc7@hiroyuki80.investmentweb.xyzBeforeFORM
2019-12-14 15:55:38 : frankiezc7@hiroyuki80.investmentweb.xyzFAIL
2019-12-14 17:47:48 : BeforeFORM
2019-12-14 17:47:48 : FAIL
2019-12-14 17:47:48 : rh20@isamu4210.kaede65.kiesag.xyzBeforeFORM
2019-12-14 17:47:48 : rh20@isamu4210.kaede65.kiesag.xyzFAIL
2019-12-14 17:54:20 : BeforeFORM
2019-12-14 17:54:20 : FAIL
2019-12-14 17:54:20 : vipmio@mail.ruBeforeFORM
2019-12-14 17:54:20 : vipmio@mail.ruFAIL
2019-12-14 18:14:31 : BeforeFORM
2019-12-14 18:14:31 : FAIL
2019-12-14 18:36:42 : BeforeFORM
2019-12-14 18:36:42 : FAIL
2019-12-14 18:36:42 : rylov_92@bk.ruBeforeFORM
2019-12-14 18:36:42 : rylov_92@bk.ruFAIL
2019-12-14 18:59:05 : BeforeFORM
2019-12-14 18:59:05 : FAIL
2019-12-14 18:59:06 : ifdf.sfdfsd@mail.ruBeforeFORM
2019-12-14 18:59:06 : ifdf.sfdfsd@mail.ruFAIL
2019-12-14 19:36:14 : BeforeFORM
2019-12-14 19:36:14 : FAIL
2019-12-14 19:36:14 : fevgen708@gmail.comBeforeFORM
2019-12-14 19:36:14 : fevgen708@gmail.comFAIL
2019-12-14 19:58:01 : BeforeFORM
2019-12-14 19:58:01 : FAIL
2019-12-14 19:58:03 : uq11@hiraku64.investmentweb.xyzBeforeFORM
2019-12-14 19:58:03 : uq11@hiraku64.investmentweb.xyzFAIL
2019-12-14 21:08:49 : BeforeFORM
2019-12-14 21:08:49 : FAIL
2019-12-14 21:08:49 : vasiilii13724@gmail.comBeforeFORM
2019-12-14 21:08:49 : vasiilii13724@gmail.comFAIL
2019-12-14 21:44:49 : BeforeFORM
2019-12-14 21:44:49 : FAIL
2019-12-14 21:44:50 : df3@hiraku64.investmentweb.xyzBeforeFORM
2019-12-14 21:44:50 : df3@hiraku64.investmentweb.xyzFAIL
2019-12-14 23:47:48 : BeforeFORM
2019-12-14 23:47:48 : FAIL
2019-12-14 23:47:49 : no69@haruto6110.michio73.kiesag.xyzBeforeFORM
2019-12-14 23:47:49 : no69@haruto6110.michio73.kiesag.xyzFAIL
2019-12-15 00:01:27 : BeforeFORM
2019-12-15 00:01:27 : FAIL
2019-12-15 00:01:27 : dkdkdkdkdaaap2@mail.ruBeforeFORM
2019-12-15 00:01:27 : dkdkdkdkdaaap2@mail.ruFAIL
2019-12-15 00:33:19 : BeforeFORM
2019-12-15 00:33:19 : FAIL
2019-12-15 00:33:19 : f.evgen708@gmail.comBeforeFORM
2019-12-15 00:33:19 : f.evgen708@gmail.comFAIL
2019-12-15 01:18:22 : BeforeFORM
2019-12-15 01:18:22 : FAIL
2019-12-15 01:18:23 : ivanchenko.mari@inbox.ruBeforeFORM
2019-12-15 01:18:23 : ivanchenko.mari@inbox.ruFAIL
2019-12-15 01:31:01 : BeforeFORM
2019-12-15 01:31:01 : FAIL
2019-12-15 01:31:01 : 2006_vetal@mail.ruBeforeFORM
2019-12-15 01:31:01 : 2006_vetal@mail.ruFAIL
2019-12-15 03:18:02 : BeforeFORM
2019-12-15 03:18:02 : FAIL
2019-12-15 03:18:02 : lavrik-95@mail.ruBeforeFORM
2019-12-15 03:18:02 : lavrik-95@mail.ruFAIL
2019-12-15 03:29:20 : BeforeFORM
2019-12-15 03:29:20 : FAIL
2019-12-15 05:08:03 : BeforeFORM
2019-12-15 05:08:03 : FAIL
2019-12-15 05:33:56 : BeforeFORM
2019-12-15 05:33:56 : FAIL
2019-12-15 05:33:57 : pt6@kunio45.dev256.xyzBeforeFORM
2019-12-15 05:33:57 : pt6@kunio45.dev256.xyzFAIL
2019-12-15 07:14:52 : BeforeFORM
2019-12-15 07:14:52 : FAIL
2019-12-15 07:14:52 : yourmail@gmail.comBeforeFORM
2019-12-15 07:14:52 : yourmail@gmail.comFAIL
2019-12-15 07:33:57 : BeforeFORM
2019-12-15 07:33:57 : FAIL
2019-12-15 07:33:58 : 6trb7@course-fitness.comBeforeFORM
2019-12-15 07:33:58 : 6trb7@course-fitness.comFAIL
2019-12-15 07:36:51 : BeforeFORM
2019-12-15 07:36:51 : FAIL
2019-12-15 07:36:52 : oy3@kunio45.dev256.xyzBeforeFORM
2019-12-15 07:36:52 : oy3@kunio45.dev256.xyzFAIL
2019-12-15 08:07:03 : BeforeFORM
2019-12-15 08:07:03 : FAIL
2019-12-15 08:32:45 : BeforeFORM
2019-12-15 08:32:45 : FAIL
2019-12-15 09:05:52 : BeforeFORM
2019-12-15 09:05:52 : FAIL
2019-12-15 09:06:02 : confdataman@gmail.comBeforeFORM
2019-12-15 09:06:02 : confdataman@gmail.comFAIL
2019-12-15 09:39:32 : BeforeFORM
2019-12-15 09:39:32 : FAIL
2019-12-15 09:39:33 : xk20@isamu4210.kaede65.kiesag.xyzBeforeFORM
2019-12-15 09:39:33 : xk20@isamu4210.kaede65.kiesag.xyzFAIL
2019-12-15 09:59:22 : BeforeFORM
2019-12-15 09:59:22 : FAIL
2019-12-15 09:59:23 : bulat509fadeev1994@mail.ruBeforeFORM
2019-12-15 09:59:23 : bulat509fadeev1994@mail.ruFAIL
2019-12-15 09:59:23 : BeforeFORM
2019-12-15 09:59:23 : FAIL
2019-12-15 10:10:10 : BeforeFORM
2019-12-15 10:10:10 : FAIL
2019-12-15 10:10:10 : adg@mksat.netBeforeFORM
2019-12-15 10:10:10 : adg@mksat.netFAIL
2019-12-15 11:49:40 : BeforeFORM
2019-12-15 11:49:40 : FAIL
2019-12-15 11:49:41 : fp5@haruto6110.michio73.kiesag.xyzBeforeFORM
2019-12-15 11:49:41 : fp5@haruto6110.michio73.kiesag.xyzFAIL
2019-12-15 12:10:57 : BeforeFORM
2019-12-15 12:10:57 : FAIL
