2023-03-08 19:42:51 : BeforeFORM
2023-03-08 19:42:51 : FAIL
2023-03-08 19:43:13 : BeforeFORM
2023-03-08 19:43:13 : FAIL
2023-03-08 19:43:30 : BeforeFORM
2023-03-08 19:43:30 : FAIL
2023-03-08 19:44:15 : BeforeFORM
2023-03-08 19:44:15 : FAIL
2023-03-08 19:44:55 : BeforeFORM
2023-03-08 19:44:55 : FAIL
2023-03-08 19:44:59 : BeforeFORM
2023-03-08 19:44:59 : FAIL
2023-03-08 19:45:54 : BeforeFORM
2023-03-08 19:45:54 : FAIL
2023-03-10 11:43:35 : BeforeFORM
2023-03-10 11:43:35 : FAIL
2023-03-10 17:38:43 : BeforeFORM
2023-03-10 17:38:43 : FAIL
2023-03-10 17:38:49 : BeforeFORM
2023-03-10 17:38:49 : FAIL
2023-03-10 17:39:45 : BeforeFORM
2023-03-10 17:39:45 : FAIL
2023-03-10 17:41:32 : BeforeFORM
2023-03-10 17:41:32 : FAIL
2023-03-10 17:54:16 : BeforeFORM
2023-03-10 17:54:16 : FAIL
2023-03-10 17:57:14 : BeforeFORM
2023-03-10 17:57:14 : FAIL
2023-03-10 19:05:49 : BeforeFORM
2023-03-10 19:05:49 : FAIL
2023-03-11 09:50:44 : BeforeFORM
2023-03-11 09:50:44 : FAIL
2023-03-11 09:51:17 : BeforeFORM
2023-03-11 09:51:17 : FAIL
2023-03-11 09:52:05 : BeforeFORM
2023-03-11 09:52:05 : FAIL
2023-03-11 09:52:28 : BeforeFORM
2023-03-11 09:52:28 : FAIL
2023-03-11 09:52:33 : BeforeFORM
2023-03-11 09:52:33 : FAIL
2023-03-11 09:52:58 : BeforeFORM
2023-03-11 09:52:58 : FAIL
2023-03-11 13:05:28 : BeforeFORM
2023-03-11 13:05:28 : FAIL
2023-03-12 12:00:44 : BeforeFORM
2023-03-12 12:00:44 : FAIL
2023-03-12 12:01:46 : BeforeFORM
2023-03-12 12:01:46 : FAIL
2023-03-12 12:03:05 : BeforeFORM
2023-03-12 12:03:05 : FAIL
2023-03-13 12:34:33 : BeforeFORM
2023-03-13 12:34:33 : FAIL
2023-03-17 20:19:56 : BeforeFORM
2023-03-17 20:19:56 : FAIL
2023-03-17 20:21:30 : BeforeFORM
2023-03-17 20:21:30 : FAIL
2023-03-17 20:22:41 : BeforeFORM
2023-03-17 20:22:41 : FAIL
2023-03-17 20:35:48 : BeforeFORM
2023-03-17 20:35:48 : FAIL
2023-03-17 20:37:02 : BeforeFORM
2023-03-17 20:37:02 : FAIL
2023-03-17 20:45:35 : BeforeFORM
2023-03-17 20:45:35 : FAIL
2023-03-17 20:46:14 : BeforeFORM
2023-03-17 20:46:14 : FAIL
2023-03-17 20:46:45 : BeforeFORM
2023-03-17 20:46:45 : FAIL
2023-03-17 20:47:06 : BeforeFORM
2023-03-17 20:47:06 : FAIL
2023-03-17 20:47:23 : BeforeFORM
2023-03-17 20:47:23 : FAIL
2023-03-17 20:50:58 : BeforeFORM
2023-03-17 20:50:58 : FAIL
2023-03-17 21:16:42 : BeforeFORM
2023-03-17 21:16:42 : FAIL
2023-03-17 21:17:07 : BeforeFORM
2023-03-17 21:17:07 : FAIL
2023-03-17 21:18:20 : fjavi.gonzalez@gmail.comBeforeFORM
2023-03-17 21:18:20 : fjavi.gonzalez@gmail.comSUCCESS
2023-03-17 21:21:55 : fjavi.gonzalez@gmail.comBeforeFORM
2023-03-17 21:21:55 : fjavi.gonzalez@gmail.comFAIL
2023-03-17 21:22:02 : fjavi.gonzalez@gmail.comBeforeFORM
2023-03-17 21:22:02 : fjavi.gonzalez@gmail.comFAIL
2023-03-17 21:22:22 : BeforeFORM
2023-03-17 21:22:22 : FAIL
2023-03-17 21:22:24 : BeforeFORM
2023-03-17 21:22:24 : FAIL
2023-03-17 21:22:45 : BeforeFORM
2023-03-17 21:22:45 : FAIL
2023-03-17 21:22:58 : fjavi.gonzalez@gmail.comBeforeFORM
2023-03-17 21:22:58 : fjavi.gonzalez@gmail.comFAIL
2023-03-17 21:23:07 : fjavi.gonzalez@gmail.comBeforeFORM
2023-03-17 21:23:07 : fjavi.gonzalez@gmail.comSUCCESS
2023-03-17 21:24:12 : BeforeFORM
2023-03-17 21:24:12 : FAIL
2023-03-17 21:31:32 : BeforeFORM
2023-03-17 21:31:32 : FAIL
2023-03-17 21:31:46 : BeforeFORM
2023-03-17 21:31:46 : FAIL
2023-03-17 21:31:57 : fjavi.gonzalez@gmail.comBeforeFORM
2023-03-17 21:31:57 : fjavi.gonzalez@gmail.comFAIL
2023-03-17 21:32:10 : fjavi.gonzalez@gmail.comBeforeFORM
2023-03-17 21:32:10 : fjavi.gonzalez@gmail.comFAIL
2023-03-17 21:33:37 : fjavi.gonzalez@gmail.comBeforeFORM
2023-03-17 21:33:37 : fjavi.gonzalez@gmail.comFAIL
2023-03-17 21:33:47 : fjavi.gonzalez@gmail.comBeforeFORM
2023-03-17 21:33:47 : fjavi.gonzalez@gmail.comFAIL
2023-03-17 21:34:15 : fjavi.gonzalez@gmail.comBeforeFORM
2023-03-17 21:34:15 : fjavi.gonzalez@gmail.comFAIL
2023-03-17 21:35:00 : fjavi.gonzalez@gmail.comBeforeFORM
2023-03-17 21:35:00 : fjavi.gonzalez@gmail.comFAIL
2023-03-17 21:40:10 : fjavi.gonzalez@gmail.comBeforeFORM
2023-03-17 21:40:10 : fjavi.gonzalez@gmail.comFAIL
2023-03-17 21:40:25 : BeforeFORM
2023-03-17 21:40:25 : FAIL
2023-03-17 21:40:27 : BeforeFORM
2023-03-17 21:40:27 : FAIL
2023-03-17 21:42:41 : BeforeFORM
2023-03-17 21:42:41 : FAIL
2023-03-17 21:42:54 : BeforeFORM
2023-03-17 21:42:54 : FAIL
2023-03-17 21:43:04 : fjavi.gonzalez@gmail.comBeforeFORM
2023-03-17 21:43:04 : fjavi.gonzalez@gmail.comSUCCESS
2023-03-17 21:43:30 : fjavi.gonzalez@gmail.comBeforeFORM
2023-03-17 21:43:30 : fjavi.gonzalez@gmail.comFAIL
2023-03-17 21:43:38 : BeforeFORM
2023-03-17 21:43:38 : SUCCESS
2023-03-17 21:43:39 : BeforeFORM
2023-03-17 21:43:39 : SUCCESS
2023-03-17 21:43:44 : BeforeFORM
2023-03-17 21:43:44 : FAIL
2023-03-17 21:44:00 : fjavi.gonzalez@gmail.comBeforeFORM
2023-03-17 21:44:00 : fjavi.gonzalez@gmail.comSUCCESS
2023-03-17 21:46:05 : BeforeFORM
2023-03-17 21:46:05 : FAIL
2023-03-17 21:46:15 : BeforeFORM
2023-03-17 21:46:15 : FAIL
2023-03-17 21:47:35 : BeforeFORM
2023-03-17 21:47:35 : FAIL
2023-03-17 21:47:41 : BeforeFORM
2023-03-17 21:47:41 : SUCCESS
2023-03-17 21:47:48 : fjavi.gonzalez@gmail.comBeforeFORM
2023-03-17 21:47:48 : fjavi.gonzalez@gmail.comSUCCESS
2023-03-17 21:47:54 : BeforeFORM
2023-03-17 21:47:54 : SUCCESS
2023-03-17 21:47:58 : BeforeFORM
2023-03-17 21:47:58 : SUCCESS
2023-03-17 21:48:13 : BeforeFORM
2023-03-17 21:48:13 : SUCCESS
2023-03-17 21:50:01 : BeforeFORM
2023-03-17 21:50:01 : FAIL
2023-03-17 21:50:07 : BeforeFORM
2023-03-17 21:50:07 : FAIL
2023-03-17 21:50:41 : BeforeFORM
2023-03-17 21:50:41 : FAIL
2023-03-17 21:51:05 : BeforeFORM
2023-03-17 21:51:05 : FAIL
2023-03-17 21:51:08 : BeforeFORM
2023-03-17 21:51:08 : SUCCESS
2023-03-17 21:51:09 : BeforeFORM
2023-03-17 21:51:09 : SUCCESS
2023-03-17 21:51:25 : BeforeFORM
2023-03-17 21:51:25 : FAIL
2023-03-17 21:51:31 : BeforeFORM
2023-03-17 21:51:31 : FAIL
2023-03-17 21:51:38 : fjavi.gonzalez@gmail.comBeforeFORM
2023-03-17 21:51:38 : fjavi.gonzalez@gmail.comSUCCESS
2023-03-17 21:51:58 : fjavi.gonzalez@gmail.comBeforeFORM
2023-03-17 21:51:58 : fjavi.gonzalez@gmail.comFAIL
2023-03-17 21:52:09 : fjavi.gonzalez@gmail.comBeforeFORM
2023-03-17 21:52:09 : fjavi.gonzalez@gmail.comFAIL
2023-03-18 00:48:44 : BeforeFORM
2023-03-18 00:48:50 : BeforeFORM
2023-03-18 00:49:15 : BeforeFORM
2023-03-18 00:49:22 : BeforeFORM
2023-03-18 00:49:58 : BeforeFORM
2023-03-18 00:50:40 : BeforeFORM
2023-03-18 00:50:56 : BeforeFORM
2023-03-18 00:50:56 : FAIL
2023-03-18 00:50:59 : BeforeFORM
2023-03-18 00:50:59 : SUCCESS
2023-03-18 00:52:42 : BeforeFORM
2023-03-18 00:52:45 : BeforeFORM
2023-03-18 00:52:45 :  FromHome
2023-03-18 00:52:57 : BeforeFORM
2023-03-18 00:52:57 :  FromHome
2023-03-18 00:52:58 : BeforeFORM
2023-03-18 00:52:58 :  FromHome
2023-03-18 00:53:00 : BeforeFORM
2023-03-18 00:53:00 :  FromHome
2023-03-18 00:55:53 : BeforeFORM
2023-03-18 00:55:53 : FAIL
2023-03-18 00:59:17 : BeforeFORM
2023-03-18 00:59:17 : FAIL
2023-03-18 00:59:26 : fjavi.gonzalez@gmail.comBeforeFORM
2023-03-18 00:59:26 : fjavi.gonzalez@gmail.comFAIL
2023-03-18 01:00:12 : BeforeFORM
2023-03-18 01:00:12 : FAIL
2023-03-18 01:00:21 : fjavi.gonzalez@gmail.comBeforeFORM
2023-03-18 01:00:21 : fjavi.gonzalez@gmail.comFAIL
2023-03-18 01:00:46 : fjavi.gonzalez@gmail.comBeforeFORM
2023-03-18 01:00:46 : fjavi.gonzalez@gmail.comFAIL
2023-03-18 01:02:45 : fjavi.gonzalez@gmail.comBeforeFORM
2023-03-18 01:02:45 : fjavi.gonzalez@gmail.comFAIL
2023-03-18 01:02:54 : fjavi.gonzalez@gmail.comBeforeFORM
2023-03-18 01:02:54 : fjavi.gonzalez@gmail.comFAIL
2023-03-18 01:03:20 : BeforeFORM
2023-03-18 01:03:20 : FAIL
2023-03-18 01:03:25 : BeforeFORM
2023-03-18 01:03:25 : FAIL
2023-03-18 01:08:02 : BeforeFORM
2023-03-18 01:08:02 : FAIL
2023-03-18 01:08:14 : fjavi.gonzalez@gmail.comBeforeFORM
2023-03-18 01:08:14 : fjavi.gonzalez@gmail.comFAIL
2023-03-18 01:08:36 : fjavi.gonzalez@gmail.comBeforeFORM
2023-03-18 01:08:36 : fjavi.gonzalez@gmail.comFAIL
2023-03-18 01:11:37 : BeforeFORM
2023-03-18 01:11:37 : FAIL
2023-03-18 01:11:55 : BeforeFORM
2023-03-18 01:11:55 : FAIL
2023-03-18 01:12:02 : fjavi.gonzalez@gmail.comBeforeFORM
2023-03-18 01:12:02 : fjavi.gonzalez@gmail.comFAIL
2023-03-18 01:12:27 : fjavi.gonzalez@gmail.comBeforeFORM
2023-03-18 01:12:27 : fjavi.gonzalez@gmail.comFAIL
2023-03-18 01:12:41 : fjavi.gonzalez@gmail.comBeforeFORM
2023-03-18 01:12:41 : fjavi.gonzalez@gmail.comFAIL
2023-03-18 01:16:40 : fjavi.gonzalez@gmail.comBeforeFORM
2023-03-18 01:16:40 : fjavi.gonzalez@gmail.comFAIL
2023-03-18 01:16:49 : fjavi.gonzalez@gmail.comBeforeFORM
2023-03-18 01:16:49 : fjavi.gonzalez@gmail.comFAIL
2023-03-18 01:17:24 : fjavi.gonzalez@gmail.comBeforeFORM
2023-03-18 01:17:24 : fjavi.gonzalez@gmail.comFAIL
2023-03-18 01:18:58 : BeforeFORM
2023-03-18 01:18:58 : FAIL
2023-03-18 01:19:04 : isa.alvarez.fernandez@gmail.comBeforeFORM
2023-03-18 01:19:04 : isa.alvarez.fernandez@gmail.comFAIL
2023-03-18 01:19:58 : BeforeFORM
2023-03-18 01:19:58 : FAIL
2023-03-18 01:20:10 : fjavi.gonzalez@gmail.comBeforeFORM
2023-03-18 01:20:10 : fjavi.gonzalez@gmail.comFAIL
2023-03-18 01:20:26 : fjavi.gonzalez@gmail.comBeforeFORM
2023-03-18 01:20:26 : fjavi.gonzalez@gmail.comFAIL
2023-03-18 01:21:12 : BeforeFORM
2023-03-18 01:21:12 : FAIL
2023-03-18 01:21:16 : BeforeFORM
2023-03-18 01:21:16 : SUCCESS
2023-03-18 01:21:21 : BeforeFORM
2023-03-18 01:21:21 : SUCCESS
2023-03-18 01:21:23 : BeforeFORM
2023-03-18 01:21:23 : SUCCESS
2023-03-18 01:21:32 : fjavi.gonzalez@gmail.comBeforeFORM
2023-03-18 01:21:32 : fjavi.gonzalez@gmail.comSUCCESS
2023-03-18 01:21:38 : BeforeFORM
2023-03-18 01:21:38 : SUCCESS
2023-03-18 01:21:42 : BeforeFORM
2023-03-18 01:21:42 : SUCCESS
2023-03-18 01:22:31 : BeforeFORM
2023-03-18 01:22:31 : FAIL
2023-03-18 01:22:35 : BeforeFORM
2023-03-18 01:22:35 : SUCCESS
2023-03-18 01:22:42 : BeforeFORM
2023-03-18 01:22:42 : SUCCESS
2023-03-18 01:22:45 : BeforeFORM
2023-03-18 01:22:45 : SUCCESS
2023-03-18 01:22:47 : BeforeFORM
2023-03-18 01:22:47 : SUCCESS
2023-03-18 01:23:43 : BeforeFORM
2023-03-18 01:23:43 : FAIL
2023-03-18 01:24:20 : BeforeFORM
2023-03-18 01:24:20 : FAIL
2023-03-18 01:24:22 : BeforeFORM
2023-03-18 01:24:22 : SUCCESS
2023-03-18 01:25:56 : BeforeFORM
2023-03-18 01:25:56 : FAIL
2023-03-18 01:26:07 : fjavi.gonzalez@gmail.comBeforeFORM
2023-03-18 01:26:07 : fjavi.gonzalez@gmail.comFAIL
2023-03-18 01:27:22 : fjavi.gonzalez@gmail.comBeforeFORM
2023-03-18 01:27:22 : fjavi.gonzalez@gmail.comFAIL
2023-03-18 01:27:22 : fjavi.gonzalez@gmail.comBeforeFORM
2023-03-18 01:27:22 : fjavi.gonzalez@gmail.comFAIL
2023-03-18 01:27:27 : fjavi.gonzalez@gmail.comBeforeFORM
2023-03-18 01:27:27 : fjavi.gonzalez@gmail.comFAIL
2023-03-18 01:28:22 : fjavi.gonzalez@gmail.comBeforeFORM
2023-03-18 01:28:22 : fjavi.gonzalez@gmail.comFAIL
2023-03-18 01:28:27 : fjavi.gonzalez@gmail.comBeforeFORM
2023-03-18 01:28:27 : fjavi.gonzalez@gmail.comFAIL
2023-03-18 01:30:13 : fjavi.gonzalez@gmail.comBeforeFORM
2023-03-18 01:30:13 : fjavi.gonzalez@gmail.comFAIL
2023-03-18 01:30:57 : BeforeFORM
2023-03-18 01:30:57 : FAIL
2023-03-18 01:31:01 : BeforeFORM
2023-03-18 01:31:01 : FAIL
2023-03-18 01:32:33 : BeforeFORM
2023-03-18 01:32:33 : FAIL
2023-03-18 01:32:49 : BeforeFORM
2023-03-18 01:32:49 : FAIL
2023-03-18 01:33:39 : BeforeFORM
2023-03-18 01:33:39 : FAIL
2023-03-18 01:34:16 : BeforeFORM
2023-03-18 01:34:16 : FAIL
2023-03-18 01:34:38 : BeforeFORM
2023-03-18 01:34:38 : FAIL
2023-03-18 01:34:45 : fjavi.gonzalez@gmail.comBeforeFORM
2023-03-18 01:34:45 : fjavi.gonzalez@gmail.comFAIL
2023-03-18 01:38:06 : fjavi.gonzalez@gmail.comBeforeFORM
2023-03-18 01:38:06 : fjavi.gonzalez@gmail.comFAIL
2023-03-18 01:38:12 : fjavi.gonzalez@gmail.comBeforeFORM
2023-03-18 01:38:12 : fjavi.gonzalez@gmail.comFAIL
2023-03-18 01:38:58 : fjavi.gonzalez@gmail.comBeforeFORM
2023-03-18 01:38:58 : fjavi.gonzalez@gmail.comFAIL
2023-03-18 01:39:09 : javier.gonzalez@dalzon-bordeaux.frBeforeFORM
2023-03-18 01:39:09 : javier.gonzalez@dalzon-bordeaux.frFAIL
2023-03-18 01:39:52 : BeforeFORM
2023-03-18 01:39:52 : FAIL
2023-03-18 01:42:07 : BeforeFORM
2023-03-18 01:42:07 : FAIL
2023-03-18 01:42:17 : fjavi.gonzalez@gmail.comBeforeFORM
2023-03-18 01:42:17 : fjavi.gonzalez@gmail.comFAIL
2023-03-18 01:44:56 : fjavi.gonzalez@gmail.comBeforeFORM
2023-03-18 01:44:56 : fjavi.gonzalez@gmail.comFAIL
2023-03-18 01:44:59 : fjavi.gonzalez@gmail.comBeforeFORM
2023-03-18 01:44:59 : fjavi.gonzalez@gmail.comFAIL
2023-03-18 01:45:09 : isa.alvarez.fernandez@gmail.comBeforeFORM
2023-03-18 01:45:09 : isa.alvarez.fernandez@gmail.comFAIL
