2023-03-08 19:42:51 : BeforeFORM
2023-03-08 19:42:51 : FAIL
2023-03-08 19:43:13 : BeforeFORM
2023-03-08 19:43:13 : FAIL
2023-03-08 19:43:30 : BeforeFORM
2023-03-08 19:43:30 : FAIL
2023-03-08 19:44:15 : BeforeFORM
2023-03-08 19:44:15 : FAIL
2023-03-08 19:44:55 : BeforeFORM
2023-03-08 19:44:55 : FAIL
2023-03-08 19:44:59 : BeforeFORM
2023-03-08 19:44:59 : FAIL
2023-03-08 19:45:54 : BeforeFORM
2023-03-08 19:45:54 : FAIL
2023-03-10 11:43:35 : BeforeFORM
2023-03-10 11:43:35 : FAIL
2023-03-11 10:40:06 : BeforeFORM
2023-03-11 10:40:06 : FAIL
2023-03-12 12:00:51 : BeforeFORM
2023-03-12 12:00:51 : FAIL
2023-03-15 19:31:22 : BeforeFORM
2023-03-15 19:31:22 : FAIL
2023-03-17 20:26:55 : BeforeFORM
2023-03-17 20:26:55 : FAIL
2023-03-17 20:53:07 : BeforeFORM
2023-03-17 20:53:07 : FAIL
2023-03-17 20:53:24 : BeforeFORM
2023-03-17 20:53:24 : FAIL
2023-03-17 20:58:35 : BeforeFORM
2023-03-17 20:58:35 : FAIL
2023-03-17 20:58:51 : BeforeFORM
2023-03-17 20:58:51 : FAIL
2023-03-17 21:05:12 : fjavi.gonzalez@gmail.comBeforeFORM
2023-03-17 21:05:12 : fjavi.gonzalez@gmail.comSUCCESS
2023-03-20 19:56:19 : BeforeFORM
2023-03-20 19:56:19 : FAIL
2023-04-03 17:22:04 : BeforeFORM
2023-04-03 17:22:04 : FAIL
2023-04-03 17:23:38 : BeforeFORM
2023-04-03 17:23:38 : FAIL
2023-04-03 17:31:05 : fjavi.gonzalez@gmail.com FromHome
2023-04-03 17:33:03 : BeforeFORM
2023-04-03 17:33:03 : FAIL
2023-04-03 17:53:12 : BeforeFORM
2023-04-03 17:53:13 : BeforeFORM
2023-04-03 17:57:00 : BeforeFORM
2023-04-03 17:57:46 : BeforeFORM
2023-04-03 17:57:55 : francisco.gonzalez@ac-bordeaux.frBeforeFORM
2023-04-03 17:59:09 : francisco.gonzalez@ac-bordeaux.frBeforeFORM
2023-04-03 17:59:33 : BeforeFORM
2023-04-03 17:59:33 :  SUCCESS
2023-04-03 18:00:18 : francisco.gonzalez@ac-bordeaux.frBeforeFORM
2023-04-03 18:00:18 : francisco.gonzalez@ac-bordeaux.fr SUCCESS
2023-04-03 18:01:25 : francisco.gonzalez@ac-bordeaux.frBeforeFORM
2023-04-03 18:01:32 : BeforeFORM
2023-04-03 18:01:32 :  SUCCESS
2023-04-03 18:01:33 : BeforeFORM
2023-04-03 18:01:33 :  SUCCESS
2023-04-03 18:02:44 : BeforeFORM
2023-04-03 18:02:48 : BeforeFORM
2023-04-03 18:02:49 :  SUCCESS
2023-04-03 18:03:29 : BeforeFORM
2023-04-03 18:03:29 : FAIL
2023-04-03 18:07:39 : BeforeFORM
2023-04-03 18:07:39 : FAIL
2023-04-03 18:07:49 : BeforeFORM
2023-04-03 18:07:51 : BeforeFORM
2023-04-03 18:07:51 : FAIL
2023-04-03 18:09:54 : BeforeFORM
2023-04-03 18:09:56 : BeforeFORM
2023-04-03 18:09:56 : FAIL
2023-04-03 18:10:07 : fjavi.gonzalez@gmail.comBeforeFORM
2023-04-03 18:10:07 : fjavi.gonzalez@gmail.comSUCCESS
2023-04-03 18:10:26 : fjavi.gonzalez@gmail.comBeforeFORM
2023-04-03 18:10:26 : fjavi.gonzalez@gmail.comFAIL
2023-04-03 18:10:39 : francisco.gonzalez@ac-bordeaux.frBeforeFORM
2023-04-03 18:10:39 : francisco.gonzalez@ac-bordeaux.frSUCCESS
2023-04-03 18:14:42 : francisco.gonzalez@ac-bordeaux.frBeforeFORM
2023-04-03 18:14:42 : francisco.gonzalez@ac-bordeaux.frFAIL
2023-04-03 18:15:00 : fjavi.gonzalez@gmail.comBeforeFORM
2023-04-03 18:15:00 : fjavi.gonzalez@gmail.comSUCCESS
2023-04-03 18:20:28 : BeforeFORM
